[W][00015.241783] mod.protocol-pulse | [        server.c:  612 start_unix_server()] server 0x6045f3d0f070: socket '/run/user/1000/pulse/native' is in use
[W][00015.241902] mod.protocol-pulse | [        server.c: 1044 servers_create_and_start()] pulse-server 0x6045f3d06970: failed to start server on 'unix:/run/user/1000/pulse/native': Adres jest już w użyciu
[E][00015.241929] mod.protocol-pulse | [  pulse-server.c: 5545 pw_protocol_pulse_new()] 0x6045f3d06970: no servers could be started: Adres jest już w użyciu
[E][00015.241995] pw.conf      | [          conf.c:  603 load_module()] 0x6045f3cb70d0: could not load mandatory module "libpipewire-module-protocol-pulse": Adres jest już w użyciu
2024/10/03 18:28:02 socat[1026] W address is opened in read-write mode but only supports read-only
kf.wallet.kwalletd: Lacking a socket, pipe: 0 env: 0
[E][00015.265880] default      | [      pipewire.c:  124 main()] failed to create context: Adres jest już w użyciu
N 18:28:02.286949 wp-internal-comp-l ../wireplumber/lib/wp/private/internal-comp-loader.c:945:wp_internal_comp_loader_load: Loading profile 'main'
2024-10-03T18:28:02 qt.bluetooth.bluez: Bluetooth device is powered off
E 18:28:02.713236            default ../pipewire/spa/plugins/bluez5/upower.c:54:upower_get_percentage_properties_reply: Failed to get percentage from UPower: org.freedesktop.DBus.Error.NameHasNoOwner
N 18:28:02.730259          wp-device ../wireplumber/lib/wp/device.c:630:wp_spa_device_new_from_spa_factory: SPA handle 'api.libcamera.enum.manager' could not be loaded; is it installed?
N 18:28:02.730278 s-monitors-libcame enumerate-device.lua:30:chunk: PipeWire's libcamera SPA plugin is missing or broken. Some camera types may not be supported.
APPIMAGE env is not defined, current application is not an AppImage
2024-10-03T18:28:04 default: new capabilities for  "Redmi Note 9 Pro"
2024-10-03T18:28:04 kf.modemmanagerqt: Failed enumerating MM objects: "org.freedesktop.DBus.Error.NameHasNoOwner" 
 "Could not activate remote peer 'org.freedesktop.ModemManager1': activation request failed: unknown unit"
2024-10-03T18:28:04 default: Connecting to deprecated signal QDBusConnectionInterface::serviceOwnerChanged(QString,QString,QString)
2024-10-03T18:28:04 kf.kio.core: Malformed JSON protocol file for protocol: "trash" , number of the ExtraNames fields should match the number of ExtraTypes fields
The XKEYBOARD keymap compiler (xkbcomp) reports:
> Warning:          Unsupported maximum keycode 708, clipping.
>                   X11 cannot support keycodes above 255.
> Warning:          Could not resolve keysym XF86KbdInputAssistPrevgrou
> Warning:          Could not resolve keysym XF86KbdInputAssistNextgrou
Errors from xkbcomp are not fatal to the X server
[2:2:1003/182810.159531:ERROR:interface_endpoint_client.cc(725)] Message 0 rejected by interface blink.mojom.WidgetHost
The XKEYBOARD keymap compiler (xkbcomp) reports:
> Warning:          Unsupported maximum keycode 708, clipping.
>                   X11 cannot support keycodes above 255.
> Warning:          Could not resolve keysym XF86KbdInputAssistPrevgrou
> Warning:          Could not resolve keysym XF86KbdInputAssistNextgrou
Errors from xkbcomp are not fatal to the X server
[3:1003/182833.778205:ERROR:gpu_process_host.cc(1002)] GPU process exited unexpectedly: exit_code=512
[107:1003/182903.850841:ERROR:command_buffer_proxy_impl.cc(132)] ContextResult::kTransientFailure: Failed to send GpuControl.CreateCommandBuffer.
[3:1003/182903.854655:ERROR:gpu_process_host.cc(1002)] GPU process exited unexpectedly: exit_code=512
[3:1003/182933.948654:ERROR:gpu_process_host.cc(1002)] GPU process exited unexpectedly: exit_code=512
[107:1003/182955.627888:ERROR:ffmpeg_common.cc(959)] Unsupported pixel format: -1
extracting id: input not prefixed with id
